<?xml version="1.0" encoding="UTF-8"?>
<!-- Generated by org.testng.reporters.JUnitXMLReporter -->
<testsuite ignored="0" hostname="DESKTOP-LP3SET9" failures="0" tests="3" name="Test" time="11.729" errors="0" timestamp="2023-03-08T15:08:27 IST">
  <testcase classname="Org_InsuranceDomain_Clients.UpdateClientTest" name="updateClientTest" time="0.863"/>
  <testcase classname="Org_InsuranceDomain_Clients.AddClientTest" name="addClientTest" time="2.281"/>
  <testcase classname="Org_InsuranceDomain_Clients.AddPaymentTest" name="addPaymentTest" time="0.896"/>
</testsuite> <!-- Test -->
