<?xml version="1.0" encoding="UTF-8"?>
<testng-results ignored="0" total="3" passed="3" failed="0" skipped="0">
  <reporter-output>
  </reporter-output>
  <suite started-at="2023-03-08T15:08:16 IST" name="Suite" finished-at="2023-03-08T15:08:27 IST" duration-ms="11729">
    <groups>
      <group name="sanity">
        <method signature="AddClientTest.addClientTest()[pri:0, instance:Org_InsuranceDomain_Clients.AddClientTest@53ce1329]" name="addClientTest" class="Org_InsuranceDomain_Clients.AddClientTest"/>
        <method signature="AddPaymentTest.addPaymentTest()[pri:0, instance:Org_InsuranceDomain_Clients.AddPaymentTest@316bcf94]" name="addPaymentTest" class="Org_InsuranceDomain_Clients.AddPaymentTest"/>
      </group> <!-- sanity -->
    </groups>
    <test started-at="2023-03-08T15:08:16 IST" name="Test" finished-at="2023-03-08T15:08:27 IST" duration-ms="11729">
      <class name="Org_InsuranceDomain_Clients.AddClientTest">
        <test-method is-config="true" signature="intializeUtilitiesSetUp()[pri:0, instance:Org_InsuranceDomain_Clients.AddClientTest@53ce1329]" started-at="2023-03-08T15:08:21 IST" name="intializeUtilitiesSetUp" finished-at="2023-03-08T15:08:21 IST" duration-ms="137" status="PASS">
          <reporter-output>
          </reporter-output>
        </test-method> <!-- intializeUtilitiesSetUp -->
        <test-method is-config="true" signature="beforeMethodSetup(java.lang.String)[pri:0, instance:Org_InsuranceDomain_Clients.AddClientTest@53ce1329]" started-at="2023-03-08T15:08:21 IST" name="beforeMethodSetup" finished-at="2023-03-08T15:08:22 IST" duration-ms="1466" status="PASS">
          <params>
            <param index="0">
              <value is-null="true"/>
            </param>
          </params>
          <reporter-output>
          </reporter-output>
        </test-method> <!-- beforeMethodSetup -->
        <test-method signature="addClientTest()[pri:0, instance:Org_InsuranceDomain_Clients.AddClientTest@53ce1329]" started-at="2023-03-08T15:08:22 IST" name="addClientTest" finished-at="2023-03-08T15:08:24 IST" duration-ms="2281" status="PASS">
          <reporter-output>
          </reporter-output>
        </test-method> <!-- addClientTest -->
        <test-method is-config="true" signature="tearDown()[pri:0, instance:Org_InsuranceDomain_Clients.AddClientTest@53ce1329]" started-at="2023-03-08T15:08:24 IST" name="tearDown" finished-at="2023-03-08T15:08:25 IST" duration-ms="199" status="PASS">
          <reporter-output>
          </reporter-output>
        </test-method> <!-- tearDown -->
        <test-method is-config="true" signature="initialisationTearDown()[pri:0, instance:Org_InsuranceDomain_Clients.AddClientTest@53ce1329]" started-at="2023-03-08T15:08:25 IST" name="initialisationTearDown" finished-at="2023-03-08T15:08:25 IST" duration-ms="1" status="PASS">
          <reporter-output>
          </reporter-output>
        </test-method> <!-- initialisationTearDown -->
      </class> <!-- Org_InsuranceDomain_Clients.AddClientTest -->
      <class name="Org_InsuranceDomain_Clients.UpdateClientTest">
        <test-method is-config="true" signature="intializeUtilitiesSetUp()[pri:0, instance:Org_InsuranceDomain_Clients.UpdateClientTest@3ee37e5a]" started-at="2023-03-08T15:08:16 IST" name="intializeUtilitiesSetUp" finished-at="2023-03-08T15:08:17 IST" duration-ms="1188" status="PASS">
          <reporter-output>
          </reporter-output>
        </test-method> <!-- intializeUtilitiesSetUp -->
        <test-method is-config="true" signature="beforeMethodSetup(java.lang.String)[pri:0, instance:Org_InsuranceDomain_Clients.UpdateClientTest@3ee37e5a]" started-at="2023-03-08T15:08:17 IST" name="beforeMethodSetup" finished-at="2023-03-08T15:08:19 IST" duration-ms="2550" status="PASS">
          <params>
            <param index="0">
              <value is-null="true"/>
            </param>
          </params>
          <reporter-output>
          </reporter-output>
        </test-method> <!-- beforeMethodSetup -->
        <test-method signature="updateClientTest()[pri:0, instance:Org_InsuranceDomain_Clients.UpdateClientTest@3ee37e5a]" started-at="2023-03-08T15:08:19 IST" name="updateClientTest" finished-at="2023-03-08T15:08:20 IST" duration-ms="863" status="PASS">
          <reporter-output>
          </reporter-output>
        </test-method> <!-- updateClientTest -->
        <test-method is-config="true" signature="tearDown()[pri:0, instance:Org_InsuranceDomain_Clients.UpdateClientTest@3ee37e5a]" started-at="2023-03-08T15:08:20 IST" name="tearDown" finished-at="2023-03-08T15:08:21 IST" duration-ms="210" status="PASS">
          <reporter-output>
          </reporter-output>
        </test-method> <!-- tearDown -->
        <test-method is-config="true" signature="initialisationTearDown()[pri:0, instance:Org_InsuranceDomain_Clients.UpdateClientTest@3ee37e5a]" started-at="2023-03-08T15:08:21 IST" name="initialisationTearDown" finished-at="2023-03-08T15:08:21 IST" duration-ms="1" status="PASS">
          <reporter-output>
          </reporter-output>
        </test-method> <!-- initialisationTearDown -->
      </class> <!-- Org_InsuranceDomain_Clients.UpdateClientTest -->
      <class name="Org_InsuranceDomain_Clients.AddPaymentTest">
        <test-method is-config="true" signature="intializeUtilitiesSetUp()[pri:0, instance:Org_InsuranceDomain_Clients.AddPaymentTest@316bcf94]" started-at="2023-03-08T15:08:25 IST" name="intializeUtilitiesSetUp" finished-at="2023-03-08T15:08:25 IST" duration-ms="96" status="PASS">
          <reporter-output>
          </reporter-output>
        </test-method> <!-- intializeUtilitiesSetUp -->
        <test-method is-config="true" signature="beforeMethodSetup(java.lang.String)[pri:0, instance:Org_InsuranceDomain_Clients.AddPaymentTest@316bcf94]" started-at="2023-03-08T15:08:25 IST" name="beforeMethodSetup" finished-at="2023-03-08T15:08:26 IST" duration-ms="1591" status="PASS">
          <params>
            <param index="0">
              <value is-null="true"/>
            </param>
          </params>
          <reporter-output>
          </reporter-output>
        </test-method> <!-- beforeMethodSetup -->
        <test-method signature="addPaymentTest()[pri:0, instance:Org_InsuranceDomain_Clients.AddPaymentTest@316bcf94]" started-at="2023-03-08T15:08:26 IST" name="addPaymentTest" finished-at="2023-03-08T15:08:27 IST" duration-ms="896" status="PASS">
          <reporter-output>
          </reporter-output>
        </test-method> <!-- addPaymentTest -->
        <test-method is-config="true" signature="tearDown()[pri:0, instance:Org_InsuranceDomain_Clients.AddPaymentTest@316bcf94]" started-at="2023-03-08T15:08:27 IST" name="tearDown" finished-at="2023-03-08T15:08:27 IST" duration-ms="181" status="PASS">
          <reporter-output>
          </reporter-output>
        </test-method> <!-- tearDown -->
        <test-method is-config="true" signature="initialisationTearDown()[pri:0, instance:Org_InsuranceDomain_Clients.AddPaymentTest@316bcf94]" started-at="2023-03-08T15:08:27 IST" name="initialisationTearDown" finished-at="2023-03-08T15:08:27 IST" duration-ms="0" status="PASS">
          <reporter-output>
          </reporter-output>
        </test-method> <!-- initialisationTearDown -->
      </class> <!-- Org_InsuranceDomain_Clients.AddPaymentTest -->
    </test> <!-- Test -->
  </suite> <!-- Suite -->
</testng-results>
